
  .   ____          _            __ _ _
 /\\ / ___'_ __ _ _(_)_ __  __ _ \ \ \ \
( ( )\___ | '_ | '_| | '_ \/ _` | \ \ \ \
 \\/  ___)| |_)| | | | | || (_| |  ) ) ) )
  '  |____| .__|_| |_|_| |_\__, | / / / /
 =========|_|==============|___/=/_/_/_/

 :: Spring Boot ::                (v3.4.6)

2025-07-28T20:12:35.095+07:00  INFO 7948 --- [myapp] [           main] com.server.game.GameServerApplication    : Starting GameServerApplication v0.0.1-SNAPSHOT using Java 17.0.16 with PID 7948 (C:\Users\suyun\Downloads\File Sinh viên\Gihot Intern\backend\target\game-0.0.1-SNAPSHOT.jar started by suyun in C:\Users\suyun\Downloads\File Sinh viên\Gihot Intern\backend)
2025-07-28T20:12:35.099+07:00  INFO 7948 --- [myapp] [           main] com.server.game.GameServerApplication    : No active profile set, falling back to 1 default profile: "default"
2025-07-28T20:12:36.696+07:00  INFO 7948 --- [myapp] [           main] .s.d.r.c.RepositoryConfigurationDelegate : Multiple Spring Data modules found, entering strict repository configuration mode
2025-07-28T20:12:36.699+07:00  INFO 7948 --- [myapp] [           main] .s.d.r.c.RepositoryConfigurationDelegate : Bootstrapping Spring Data MongoDB repositories in DEFAULT mode.
2025-07-28T20:12:37.019+07:00  INFO 7948 --- [myapp] [           main] .s.d.r.c.RepositoryConfigurationDelegate : Finished Spring Data repository scanning in 307 ms. Found 7 MongoDB repository interfaces.
2025-07-28T20:12:37.120+07:00  INFO 7948 --- [myapp] [           main] .s.d.r.c.RepositoryConfigurationDelegate : Multiple Spring Data modules found, entering strict repository configuration mode
2025-07-28T20:12:37.131+07:00  INFO 7948 --- [myapp] [           main] .s.d.r.c.RepositoryConfigurationDelegate : Bootstrapping Spring Data Redis repositories in DEFAULT mode.
2025-07-28T20:12:37.175+07:00  INFO 7948 --- [myapp] [           main] .RepositoryConfigurationExtensionSupport : Spring Data Redis - Could not safely identify store assignment for repository candidate interface com.server.game.repository.mongo.InvalidatedTokenRepository; If you want this repository to be a Redis repository, consider annotating your entities with one of these annotations: org.springframework.data.redis.core.RedisHash (preferred), or consider extending one of the following types with your repository: org.springframework.data.keyvalue.repository.KeyValueRepository
2025-07-28T20:12:37.176+07:00  INFO 7948 --- [myapp] [           main] .RepositoryConfigurationExtensionSupport : Spring Data Redis - Could not safely identify store assignment for repository candidate interface com.server.game.repository.mongo.RoomRepository; If you want this repository to be a Redis repository, consider annotating your entities with one of these annotations: org.springframework.data.redis.core.RedisHash (preferred), or consider extending one of the following types with your repository: org.springframework.data.keyvalue.repository.KeyValueRepository
2025-07-28T20:12:37.177+07:00  INFO 7948 --- [myapp] [           main] .RepositoryConfigurationExtensionSupport : Spring Data Redis - Could not safely identify store assignment for repository candidate interface com.server.game.repository.mongo.UserRepository; If you want this repository to be a Redis repository, consider annotating your entities with one of these annotations: org.springframework.data.redis.core.RedisHash (preferred), or consider extending one of the following types with your repository: org.springframework.data.keyvalue.repository.KeyValueRepository
2025-07-28T20:12:37.186+07:00  INFO 7948 --- [myapp] [           main] .RepositoryConfigurationExtensionSupport : Spring Data Redis - Could not safely identify store assignment for repository candidate interface com.server.game.resource.repository.mongo.ChampionRepository; If you want this repository to be a Redis repository, consider annotating your entities with one of these annotations: org.springframework.data.redis.core.RedisHash (preferred), or consider extending one of the following types with your repository: org.springframework.data.keyvalue.repository.KeyValueRepository
2025-07-28T20:12:37.187+07:00  INFO 7948 --- [myapp] [           main] .RepositoryConfigurationExtensionSupport : Spring Data Redis - Could not safely identify store assignment for repository candidate interface com.server.game.resource.repository.mongo.GameMapGridCompressRepository; If you want this repository to be a Redis repository, consider annotating your entities with one of these annotations: org.springframework.data.redis.core.RedisHash (preferred), or consider extending one of the following types with your repository: org.springframework.data.keyvalue.repository.KeyValueRepository
2025-07-28T20:12:37.187+07:00  INFO 7948 --- [myapp] [           main] .RepositoryConfigurationExtensionSupport : Spring Data Redis - Could not safely identify store assignment for repository candidate interface com.server.game.resource.repository.mongo.GameMapRepository; If you want this repository to be a Redis repository, consider annotating your entities with one of these annotations: org.springframework.data.redis.core.RedisHash (preferred), or consider extending one of the following types with your repository: org.springframework.data.keyvalue.repository.KeyValueRepository
2025-07-28T20:12:37.188+07:00  INFO 7948 --- [myapp] [           main] .RepositoryConfigurationExtensionSupport : Spring Data Redis - Could not safely identify store assignment for repository candidate interface com.server.game.resource.repository.mongo.TroopRepository; If you want this repository to be a Redis repository, consider annotating your entities with one of these annotations: org.springframework.data.redis.core.RedisHash (preferred), or consider extending one of the following types with your repository: org.springframework.data.keyvalue.repository.KeyValueRepository
2025-07-28T20:12:37.189+07:00  INFO 7948 --- [myapp] [           main] .s.d.r.c.RepositoryConfigurationDelegate : Finished Spring Data repository scanning in 29 ms. Found 0 Redis repository interfaces.
2025-07-28T20:12:38.295+07:00  INFO 7948 --- [myapp] [           main] o.s.b.w.embedded.tomcat.TomcatWebServer  : Tomcat initialized with port 8080 (http)
2025-07-28T20:12:38.317+07:00  INFO 7948 --- [myapp] [           main] o.apache.catalina.core.StandardService   : Starting service [Tomcat]
2025-07-28T20:12:38.318+07:00  INFO 7948 --- [myapp] [           main] o.apache.catalina.core.StandardEngine    : Starting Servlet engine: [Apache Tomcat/10.1.41]
2025-07-28T20:12:38.376+07:00  INFO 7948 --- [myapp] [           main] o.a.c.c.C.[Tomcat].[localhost].[/]       : Initializing Spring embedded WebApplicationContext
2025-07-28T20:12:38.377+07:00  INFO 7948 --- [myapp] [           main] w.s.c.ServletWebServerApplicationContext : Root WebApplicationContext: initialization completed in 3180 ms
No Redis password configured for host: localhost
>>> Testing Redis Connection
=== Testing Redis Connection ===
Redis ready: true
Redis read/write test: PASSED
=== Redis Connection Test Complete ===
2025-07-28T20:12:40.807+07:00  INFO 7948 --- [myapp] [           main] org.mongodb.driver.client                : MongoClient with metadata {"driver": {"name": "mongo-java-driver|sync|spring-boot", "version": "5.2.1"}, "os": {"type": "Windows", "name": "Windows 10", "architecture": "amd64", "version": "10.0"}, "platform": "Java/Eclipse Adoptium/17.0.16+8"} created with settings MongoClientSettings{readPreference=primary, writeConcern=WriteConcern{w=null, wTimeout=null ms, journal=null}, retryWrites=true, retryReads=true, readConcern=ReadConcern{level=null}, credential=null, transportSettings=null, commandListeners=[], codecRegistry=ProvidersCodecRegistry{codecProviders=[ValueCodecProvider{}, BsonValueCodecProvider{}, DBRefCodecProvider{}, DBObjectCodecProvider{}, DocumentCodecProvider{}, CollectionCodecProvider{}, IterableCodecProvider{}, MapCodecProvider{}, GeoJsonCodecProvider{}, GridFSFileCodecProvider{}, Jsr310CodecProvider{}, JsonObjectCodecProvider{}, BsonCodecProvider{}, EnumCodecProvider{}, com.mongodb.client.model.mql.ExpressionCodecProvider@aa23f11, com.mongodb.Jep395RecordCodecProvider@65a80fdb, com.mongodb.KotlinCodecProvider@79e90571]}, loggerSettings=LoggerSettings{maxDocumentLength=1000}, clusterSettings={hosts=[localhost:27017], srvServiceName=mongodb, mode=SINGLE, requiredClusterType=UNKNOWN, requiredReplicaSetName='null', serverSelector='null', clusterListeners='[]', serverSelectionTimeout='30000 ms', localThreshold='15 ms'}, socketSettings=SocketSettings{connectTimeoutMS=10000, readTimeoutMS=0, receiveBufferSize=0, proxySettings=ProxySettings{host=null, port=null, username=null, password=null}}, heartbeatSocketSettings=SocketSettings{connectTimeoutMS=10000, readTimeoutMS=10000, receiveBufferSize=0, proxySettings=ProxySettings{host=null, port=null, username=null, password=null}}, connectionPoolSettings=ConnectionPoolSettings{maxSize=100, minSize=0, maxWaitTimeMS=120000, maxConnectionLifeTimeMS=0, maxConnectionIdleTimeMS=0, maintenanceInitialDelayMS=0, maintenanceFrequencyMS=60000, connectionPoolListeners=[], maxConnecting=2}, serverSettings=ServerSettings{heartbeatFrequencyMS=10000, minHeartbeatFrequencyMS=500, serverMonitoringMode=AUTO, serverListeners='[]', serverMonitorListeners='[]'}, sslSettings=SslSettings{enabled=false, invalidHostNameAllowed=false, context=null}, applicationName='null', compressorList=[], uuidRepresentation=JAVA_LEGACY, serverApi=null, autoEncryptionSettings=null, dnsClient=null, inetAddressResolver=null, contextProvider=null, timeoutMS=null}
2025-07-28T20:12:40.835+07:00  INFO 7948 --- [myapp] [localhost:27017] org.mongodb.driver.cluster               : Monitor thread successfully connected to server with description ServerDescription{address=localhost:27017, type=STANDALONE, cryptd=false, state=CONNECTED, ok=true, minWireVersion=0, maxWireVersion=25, maxDocumentSize=16777216, logicalSessionTimeoutMinutes=30, roundTripTimeNanos=33342000, minRoundTripTimeNanos=0}
2025-07-28T20:12:43.129+07:00  INFO 7948 --- [myapp] [           main] o.s.b.w.embedded.tomcat.TomcatWebServer  : Tomcat started on port 8080 (http) with context path '/'
2025-07-28T20:12:43.176+07:00  INFO 7948 --- [myapp] [           main] com.server.game.GameServerApplication    : Started GameServerApplication in 9.342 seconds (process running for 10.226)
>>> Scanning for @MessageMapping methods...
>>> Registered handler: <handlePlayerReady> method in <LobbyHandler> class to handle <PlayerReadyReceive> message type
>>> Registered handler: <handleChooseChampion> method in <LobbyHandler> class to handle <ChooseChampionReceive> message type
>>> Registered handler: <handleDistance> method in <MoveHandler> class to handle <DistanceReceive> message type
>>> Registered handler: <handlePosition> method in <PositionHandler> class to handle <PositionReceive> message type
>>> Registered handler: <authenticate> method in <RegistryHandler> class to handle <AuthenticationReceive> message type
>>> Registered handler: <handleTestGameStart> method in <TestGameHandler> class to handle <TestGameStartAnnounceReceive> message type
>>> Registered handler: <handleTargetAttackChampion> method in <PvPHandler> class to handle <TargetChampion> message type
>>> Registered handler: <handleTargetAttackTarget> method in <PvPHandler> class to handle <TargetTarget> message type
>>> Registered handler: <handleChampionAttackTarget> method in <PvPHandler> class to handle <ChampionTarget> message type
>>> Registered handler: <handleChampionAttackChampion> method in <PvPHandler> class to handle <ChampionChampionReceive> message type
>>> Registered handler: <handleTroopSpawn> method in <TroopHandler> class to handle <TroopSpawnReceive> message type
>>> Scanning for @ReceiveType classes...
>>> Registered TLVDecodable: <AuthenticationReceive> for type=<1>
>>> Registered TLVDecodable: <ChooseChampionReceive> for type=<6>
>>> Registered TLVDecodable: <DistanceReceive> for type=<999>
>>> Registered TLVDecodable: <MessageReceive> for type=<3>
>>> Registered TLVDecodable: <PlayerReadyReceive> for type=<8>
>>> Registered TLVDecodable: <PositionReceive> for type=<19>
>>> Registered TLVDecodable: <TestGameStartAnnounceReceive> for type=<2025>
>>> Registered TLVDecodable: <ChampionChampionReceive> for type=<100>
>>> Registered TLVDecodable: <ChampionTarget> for type=<101>
>>> Registered TLVDecodable: <SkillCastReceive> for type=<24>
>>> Registered TLVDecodable: <TargetChampion> for type=<102>
>>> Registered TLVDecodable: <TargetTarget> for type=<103>
>>> Registered TLVDecodable: <TroopSpawnReceive> for type=<200>
WebSocket server started at host=localhost, port=8386
Game map grid saved successfully: 2
Map saved successfully: map_2
Champion already exists: Axe
Champion already exists: Knight
Champion already exists: Archer
Champion already exists: Wizard
